()
622
()
607
()
605
623
639
()
558
570
()
554
572
()
547
560
()
545
569
596
616
633
()
543
562
()
416
442
***
459
495
525
548
576
599
620
635
()
410
431
***
499
552
***
578
590
()
405
430
***
450
***
536
549
***
573
597
618
634
644
()
378
406
***
441
466
()
376
423
457
()
373
394
***
470
491
()
372
414
()
367
393
***
615
()
364
402
***
508
521
()
363
411
445
()
357
381
***
396
***
426
()
351
368
***
398
419
()
349
397
433
***
458
479
()
344
369
***
391
418
***
503
523
()
338
380
***
395
409
***
438
483
516
()
335
***
598
()
332
355
***
464
***
505
540
575
609
632
()
326
341
***
594
610
()
323
***
461
494
526
556
579
()
319
342
***
588
()
318
331
343
356
370
382
401
446
482
()
312
354
***
388
435
469
***
535
559
586
608
627
643
()
309
359
408
420
432
444
456
468
480
492
()
305
330
()
295
333
***
524
541
()
286
329
***
584
601
()
281
303
***
472
504
538
566
589
613
629
()
275
302
***
533
551
***
568
()
270
***
308
***
447
467
***
484
515
()
235
248
()
230
249
()
225
238
***
493
512
()
221
272
307
345
()
220
239
()
215
228
***
252
()
210
229
()
205
218
()
200
219
()
195
208
***
265
278
***
471
506
()
190
209
***
487
501
()
185
198
***
481
502
()
180
199
***
254
301
348
404
449
500
***
527
539
***
564
582
()
175
188
()
170
189
***
258
()
165
178
***
259
()
160
179
()
155
168
()
151
182
()
150
169
()
145
158
***
250
291
***
580
()
139
159
***
255
290
()
134
148
()
131
171
202
231
289
296
346
383
()
128
149
()
121
137
()
118
161
192
***
260
279
()
115
138
()
112
126
()
108
124
()
105
141
172
201
232
261
294
()
103
***
514
531
()
101
125
()
95
111
***
264
322
366
413
465
513
550
585
617
638
()
91
()
88
113
***
256
324
379
425
477
522
561
595
624
642
()
82
98
()
80
136
174
216
274
327
375
428
473
520
555
591
619
()
75
99
()
74
87
100
114
127
142
191
222
251
283
334
371
***
390
436
489
529
()
73
()
69
85
()
65
102
()
56
72
()
54
110
154
196
234
276
350
***
384
407
***
574
592
()
53
90
129
***
262
321
358
***
385
421
***
498
511
***
518
530
()
52
()
49
***
66
104
140
()
48
68
122
163
207
244
288
336
***
429
454
()
45
96
143
187
223
287
337
392
437
488
534
571
604
630
()
41
60
***
240
269
***
282
320
***
452
478
()
39
67
123
164
206
243
313
362
417
462
510
544
581
612
636
()
36
43
***
61
()
26
***
70
119
166
204
246
285
339
386
439
485
532
557
583
606
625
640
646
()
24
40
***
50
59
()
20
46
97
144
186
224
266
311
365
412
463
507
542
567
593
614
631
()
19
33
***
62
86
()
18
44
94
146
184
226
263
314
361
415
460
509
537
563
587
611
628
641
()
17
31
78
116
()
16
34
84
133
177
213
267
***
299
315
()
14
37
81
135
173
217
253
300
347
403
448
***
475
490
()
13
22
42
***
55
109
153
197
233
277
325
377
424
476
517
553
577
602
621
637
645
()
12
47
93
147
183
227
284
340
387
440
486
528
565
600
626
()
11
29
***
79
117
152
181
212
241
280
292
304
316
()
10
30
63
()
9
35
83
132
176
214
257
297
353
399
451
497
()
8
25
64
()
7
23
51
89
***
245
268
***
293
317
()
6
28
71
120
167
203
247
310
360
***
389
***
434
455
()
5
***
57
106
157
193
236
273
328
374
427
474
519
546
***
603
()
4
32
77
()
3
15
38
76
()
2
27
***
92
130
162
211
242
271
306
***
422
443
()
1
21
58
107
156
194
237
298
352
400
453
496
